#
# A fatal error has been detected by the Java Runtime Environment:
#
#  SIGSEGV (0xb) at pc=0x00007effa727aee6, pid=17413, tid=139636230842112
#
# JRE version: 7.0_03-b147
# Java VM: OpenJDK 64-Bit Server VM (22.0-b10 mixed mode linux-amd64 compressed oops)
# Derivative: IcedTea7 2.1.1pre
# Distribution: Ubuntu 12.04 LTS, package 7~u3-2.1.1~pre1-1ubuntu3
# Problematic frame:
# V  [libjvm.so+0x60aee6]  PhaseIdealLoop::build_loop_late_post(Node*)+0xf6
#
# Failed to write core dump. Core dumps have been disabled. To enable core dumping, try "ulimit -c unlimited" before starting Java again
#
# If you would like to submit a bug report, please include
# instructions on how to reproduce the bug and visit:
#   https://bugs.launchpad.net/ubuntu/+source/openjdk-7/
#

---------------  T H R E A D  ---------------

Current thread (0x00007effa0176000):  JavaThread "C2 CompilerThread0" daemon [_thread_in_native, id=17425, stack(0x00007eff97dfe000,0x00007eff97eff000)]

siginfo:si_signo=SIGSEGV: si_errno=0, si_code=1 (SEGV_MAPERR), si_addr=0x0000000000000008

Registers:
RAX=0x0000000000000000, RBX=0x00007eff97efb7e0, RCX=0x00000000000013ca, RDX=0x00007eff6caaef10
RSP=0x00007eff97efa0a0, RBP=0x00007eff97efa0c0, RSI=0x00007eff6df4c2d0, RDI=0x0000000000000000
R8 =0x00007eff6c014150, R9 =0x00007eff6ca491c8, R10=0x00007eff6c014210, R11=0x00007eff609d50e0
R12=0x00007eff6c014150, R13=0x00007eff609ce050, R14=0x00007eff6ca491c8, R15=0x0000000000000002
RIP=0x00007effa727aee6, EFLAGS=0x0000000000010206, CSGSFS=0x0000000000000033, ERR=0x0000000000000004
  TRAPNO=0x000000000000000e

Top of Stack: (sp=0x00007eff97efa0a0)
0x00007eff97efa0a0:   0000000000000002 00007eff609d4fa8
0x00007eff97efa0b0:   00007eff97efb7e0 00007eff6c014150
0x00007eff97efa0c0:   00007eff97efa380 00007effa727ca83
0x00007eff97efa0d0:   00007eff00000100 01007eff00000007
0x00007eff97efa0e0:   00007eff6cafef18 00007eff6caf6f80
0x00007eff97efa0f0:   00007eff6caf6f30 0000000000000001
0x00007eff97efa100:   00007effa0175420 00007eff97efc180
0x00007eff97efa110:   00007eff97efa120 00007effa74421dd
0x00007eff97efa120:   00007eff97efa180 00007effa70727fe
0x00007eff97efa130:   0000000000000000 00007effa0076ba0
0x00007eff97efa140:   0000000000000000 000000000000000c
0x00007eff97efa150:   00007effa0076ba0 0000000000000000
0x00007eff97efa160:   00007effa78a7222 00007effa0076ba0
0x00007eff97efa170:   00007eff97efa1b0 00007effa6f93cbe
0x00007eff97efa180:   00007eff97efa1b0 00007effa7443b93
0x00007eff97efa190:   00007eff97efa1c0 00007effa744274e
0x00007eff97efa1a0:   00007eff97efa200 00007effa71140b5
0x00007eff97efa1b0:   00007eff6c716ef0 00007eff603c59f0
0x00007eff97efa1c0:   00007eff603c59a8 00007effa74421dd
0x00007eff97efa1d0:   0000000000000010 0000000000000080
0x00007eff97efa1e0:   0000000000000002 0000000000010040
0x00007eff97efa1f0:   0000000000000000 0000043000001002
0x00007eff97efa200:   0000007e000000db 0000007c00000079
0x00007eff97efa210:   00007eff97efa2f0 00007eff6c000020
0x00007eff97efa220:   0000000000010010 0000000000010010
0x00007eff97efa230:   00007eff6ca96ed0 0000000000010000
0x00007eff97efa240:   00007eff6ca96f50 00007effa7f84a45
0x00007eff97efa250:   00007eff603c5a58 00007effa0175420
0x00007eff97efa260:   00007eff97efa2b0 0000000000010010
0x00007eff97efa270:   00007eff6ca96ed0 00007effa6e853bf
0x00007eff97efa280:   0000000000000000 00007eff00000000
0x00007eff97efa290:   00007eff97efa2f0 00007effa0175420 

Instructions: (pc=0x00007effa727aee6)
0x00007effa727aec6:   4d 89 f5 0f 84 c4 00 00 00 8b 70 28 49 89 c5 0f
0x00007effa727aed6:   1f 00 48 8b 83 e0 09 00 00 48 8d 34 f0 48 8b 06
0x00007effa727aee6:   48 8b 50 08 48 83 3a 00 75 27 8b 4b 28 0f 1f 44
0x00007effa727aef6:   00 00 8b 50 28 31 c0 39 ca 73 0c 48 8b 43 30 48 

Register to memory mapping:

RAX=0x0000000000000000 is an unknown value
RBX=0x00007eff97efb7e0 is pointing into the stack for thread: 0x00007effa0176000
RCX=0x00000000000013ca is an unknown value
RDX=0x00007eff6caaef10 is an unknown value
RSP=0x00007eff97efa0a0 is pointing into the stack for thread: 0x00007effa0176000
RBP=0x00007eff97efa0c0 is pointing into the stack for thread: 0x00007effa0176000
RSI=0x00007eff6df4c2d0 is an unknown value
RDI=0x0000000000000000 is an unknown value
R8 =0x00007eff6c014150 is an unknown value
R9 =0x00007eff6ca491c8 is an unknown value
R10=0x00007eff6c014210 is an unknown value
R11=0x00007eff609d50e0 is an unknown value
R12=0x00007eff6c014150 is an unknown value
R13=0x00007eff609ce050 is an unknown value
R14=0x00007eff6ca491c8 is an unknown value
R15=0x0000000000000002 is an unknown value


Stack: [0x00007eff97dfe000,0x00007eff97eff000],  sp=0x00007eff97efa0a0,  free space=1008k
Native frames: (J=compiled Java code, j=interpreted, Vv=VM code, C=native code)
V  [libjvm.so+0x60aee6]  PhaseIdealLoop::build_loop_late_post(Node*)+0xf6
V  [libjvm.so+0x60ca83]  PhaseIdealLoop::build_and_optimize(bool)+0xab3
V  [libjvm.so+0x381dbe]  Compile::Optimize()+0xd4e
V  [libjvm.so+0x383b52]  Compile::Compile(ciEnv*, C2Compiler*, ciMethod*, int, bool, bool)+0xbb2
V  [libjvm.so+0x300070]  C2Compiler::compile_method(ciEnv*, ciMethod*, int)+0xe0
V  [libjvm.so+0x388599]  CompileBroker::invoke_compiler_on_method(CompileTask*)+0x2f9
V  [libjvm.so+0x388eeb]  CompileBroker::compiler_thread_loop()+0x42b
V  [libjvm.so+0x7caf48]  JavaThread::run()+0x148
V  [libjvm.so+0x6ae3e2]  java_start(Thread*)+0x132


Current CompileTask:
C2:31046532 1131             jregex.Pretokenizer::next (1064 bytes)


---------------  P R O C E S S  ---------------

Java Threads: ( => current thread )
  0x00007eff48869000 JavaThread "net.sf.ehcache.CacheManager@60f41254" daemon [_thread_blocked, id=21559, stack(0x00007eff95d80000,0x00007eff95e81000)]
  0x00007eff5c015000 JavaThread "New I/O server worker #1-2" [_thread_in_native, id=21558, stack(0x00007eff9526e000,0x00007eff9536f000)]
  0x00007eff4855a000 JavaThread "com.mchange.v2.async.ThreadPoolAsynchronousRunner$PoolThread-#2" daemon [_thread_blocked, id=17437, stack(0x00007eff37eff000,0x00007eff38000000)]
  0x00007eff48559000 JavaThread "com.mchange.v2.async.ThreadPoolAsynchronousRunner$PoolThread-#1" daemon [_thread_blocked, id=17436, stack(0x00007eff95874000,0x00007eff95975000)]
  0x00007eff4848e000 JavaThread "com.mchange.v2.async.ThreadPoolAsynchronousRunner$PoolThread-#0" daemon [_thread_blocked, id=17435, stack(0x00007eff95975000,0x00007eff95a76000)]
  0x00007eff48551800 JavaThread "Timer-0" daemon [_thread_blocked, id=17434, stack(0x00007eff95a76000,0x00007eff95b77000)]
  0x00007eff5003e000 JavaThread "play-thread-1" [_thread_blocked, id=17432, stack(0x00007eff95e81000,0x00007eff95f82000)]
  0x00007effa000e000 JavaThread "DestroyJavaVM" [_thread_blocked, id=17414, stack(0x00007effa85d2000,0x00007effa86d3000)]
  0x00007effa052f800 JavaThread "New I/O server boss #1 ([id: 0x4c240de4, /0:0:0:0:0:0:0:0:9000])" [_thread_in_native, id=17429, stack(0x00007eff96184000,0x00007eff96285000)]
  0x00007effa017b000 JavaThread "Service Thread" daemon [_thread_blocked, id=17427, stack(0x00007eff97bfc000,0x00007eff97cfd000)]
  0x00007effa0178800 JavaThread "C2 CompilerThread1" daemon [_thread_in_native, id=17426, stack(0x00007eff97cfd000,0x00007eff97dfe000)]
=>0x00007effa0176000 JavaThread "C2 CompilerThread0" daemon [_thread_in_native, id=17425, stack(0x00007eff97dfe000,0x00007eff97eff000)]
  0x00007effa0173800 JavaThread "JDWP Event Helper Thread" daemon [_thread_blocked, id=17424, stack(0x00007eff97eff000,0x00007eff98000000)]
  0x00007effa0170000 JavaThread "JDWP Transport Listener: dt_socket" daemon [_thread_in_native, id=17423, stack(0x00007eff9c040000,0x00007eff9c141000)]
  0x00007effa012c800 JavaThread "Signal Dispatcher" daemon [_thread_blocked, id=17422, stack(0x00007eff9c346000,0x00007eff9c447000)]
  0x00007effa00d6800 JavaThread "Finalizer" daemon [_thread_blocked, id=17421, stack(0x00007eff9c447000,0x00007eff9c548000)]
  0x00007effa00d4800 JavaThread "Reference Handler" daemon [_thread_blocked, id=17420, stack(0x00007eff9c548000,0x00007eff9c649000)]

Other Threads:
  0x00007effa00cc000 VMThread [stack: 0x00007eff9c649000,0x00007eff9c74a000] [id=17419]
  0x00007effa017d800 WatcherThread [stack: 0x00007eff97afb000,0x00007eff97bfc000] [id=17428]

VM state:not at safepoint (normal execution)

VM Mutex/Monitor currently owned by a thread: None

Heap
 PSYoungGen      total 163776K, used 107304K [0x00000000ecb60000, 0x00000000f8460000, 0x0000000100000000)
  eden space 160384K, 64% used [0x00000000ecb60000,0x00000000f30e1490,0x00000000f6800000)
  from space 3392K, 99% used [0x00000000f6f80000,0x00000000f72c8e40,0x00000000f72d0000)
  to   space 13120K, 0% used [0x00000000f7790000,0x00000000f7790000,0x00000000f8460000)
 PSOldGen        total 39552K, used 29106K [0x00000000c6200000, 0x00000000c88a0000, 0x00000000ecb60000)
  object space 39552K, 73% used [0x00000000c6200000,0x00000000c7e6cbf0,0x00000000c88a0000)
 PSPermGen       total 42560K, used 42528K [0x00000000bbc00000, 0x00000000be590000, 0x00000000c6200000)
  object space 42560K, 99% used [0x00000000bbc00000,0x00000000be588158,0x00000000be590000)

Code Cache  [0x00007eff9d000000, 0x00007eff9d5c0000, 0x00007effa0000000)
 total_blobs=1745 nmethods=1077 adapters=627 free_code_cache=43484Kb largest_free_block=44344768

Dynamic libraries:
00400000-00401000 r-xp 00000000 08:01 13634960                           /usr/lib/jvm/java-7-openjdk-amd64/jre/bin/java
00600000-00601000 r--p 00000000 08:01 13634960                           /usr/lib/jvm/java-7-openjdk-amd64/jre/bin/java
00601000-00602000 rw-p 00001000 08:01 13634960                           /usr/lib/jvm/java-7-openjdk-amd64/jre/bin/java
012d2000-012f3000 rw-p 00000000 00:00 0                                  [heap]
bbc00000-be590000 rw-p 00000000 00:00 0 
be590000-c6200000 rw-p 00000000 00:00 0 
c6200000-c88a0000 rw-p 00000000 00:00 0 
c88a0000-ecb60000 rw-p 00000000 00:00 0 
ecb60000-f8460000 rw-p 00000000 00:00 0 
f8460000-f9a50000 ---p 00000000 00:00 0 
f9a50000-100000000 rw-p 00000000 00:00 0 
7eff18000000-7eff18021000 rw-p 00000000 00:00 0 
7eff18021000-7eff1c000000 ---p 00000000 00:00 0 
7eff20000000-7eff20021000 rw-p 00000000 00:00 0 
7eff20021000-7eff24000000 ---p 00000000 00:00 0 
7eff24000000-7eff24021000 rw-p 00000000 00:00 0 
7eff24021000-7eff28000000 ---p 00000000 00:00 0 
7eff28000000-7eff28021000 rw-p 00000000 00:00 0 
7eff28021000-7eff2c000000 ---p 00000000 00:00 0 
7eff2c000000-7eff2c021000 rw-p 00000000 00:00 0 
7eff2c021000-7eff30000000 ---p 00000000 00:00 0 
7eff30000000-7eff3002b000 rw-p 00000000 00:00 0 
7eff3002b000-7eff34000000 ---p 00000000 00:00 0 
7eff37eff000-7eff37f02000 ---p 00000000 00:00 0 
7eff37f02000-7eff38000000 rw-p 00000000 00:00 0 
7eff38000000-7eff3809f000 rw-p 00000000 00:00 0 
7eff3809f000-7eff3c000000 ---p 00000000 00:00 0 
7eff3c000000-7eff3c021000 rw-p 00000000 00:00 0 
7eff3c021000-7eff40000000 ---p 00000000 00:00 0 
7eff40000000-7eff40021000 rw-p 00000000 00:00 0 
7eff40021000-7eff44000000 ---p 00000000 00:00 0 
7eff44000000-7eff44086000 rw-p 00000000 00:00 0 
7eff44086000-7eff48000000 ---p 00000000 00:00 0 
7eff48000000-7eff48dd0000 rw-p 00000000 00:00 0 
7eff48dd0000-7eff4c000000 ---p 00000000 00:00 0 
7eff4c000000-7eff4c021000 rw-p 00000000 00:00 0 
7eff4c021000-7eff50000000 ---p 00000000 00:00 0 
7eff50000000-7eff50079000 rw-p 00000000 00:00 0 
7eff50079000-7eff54000000 ---p 00000000 00:00 0 
7eff54000000-7eff54021000 rw-p 00000000 00:00 0 
7eff54021000-7eff58000000 ---p 00000000 00:00 0 
7eff58000000-7eff58021000 rw-p 00000000 00:00 0 
7eff58021000-7eff5c000000 ---p 00000000 00:00 0 
7eff5c000000-7eff5c0c9000 rw-p 00000000 00:00 0 
7eff5c0c9000-7eff60000000 ---p 00000000 00:00 0 
7eff60000000-7eff624a9000 rw-p 00000000 00:00 0 
7eff624a9000-7eff64000000 ---p 00000000 00:00 0 
7eff64000000-7eff64021000 rw-p 00000000 00:00 0 
7eff64021000-7eff68000000 ---p 00000000 00:00 0 
7eff68000000-7eff68021000 rw-p 00000000 00:00 0 
7eff68021000-7eff6c000000 ---p 00000000 00:00 0 
7eff6c000000-7eff6f1e6000 rw-p 00000000 00:00 0 
7eff6f1e6000-7eff70000000 ---p 00000000 00:00 0 
7eff70000000-7eff70021000 rw-p 00000000 00:00 0 
7eff70021000-7eff74000000 ---p 00000000 00:00 0 
7eff74000000-7eff74021000 rw-p 00000000 00:00 0 
7eff74021000-7eff78000000 ---p 00000000 00:00 0 
7eff78000000-7eff78021000 rw-p 00000000 00:00 0 
7eff78021000-7eff7c000000 ---p 00000000 00:00 0 
7eff7c000000-7eff7c021000 rw-p 00000000 00:00 0 
7eff7c021000-7eff80000000 ---p 00000000 00:00 0 
7eff80000000-7eff80021000 rw-p 00000000 00:00 0 
7eff80021000-7eff84000000 ---p 00000000 00:00 0 
7eff84000000-7eff84029000 rw-p 00000000 00:00 0 
7eff84029000-7eff88000000 ---p 00000000 00:00 0 
7eff88000000-7eff88021000 rw-p 00000000 00:00 0 
7eff88021000-7eff8c000000 ---p 00000000 00:00 0 
7eff90000000-7eff90021000 rw-p 00000000 00:00 0 
7eff90021000-7eff94000000 ---p 00000000 00:00 0 
7eff95249000-7eff9526e000 r--p 00000000 08:01 12191494                   /usr/share/locale-langpack/es/LC_MESSAGES/libc.mo
7eff9526e000-7eff95271000 ---p 00000000 00:00 0 
7eff95271000-7eff9536f000 rw-p 00000000 00:00 0 
7eff9536f000-7eff95372000 ---p 00000000 00:00 0 
7eff95372000-7eff95470000 rw-p 00000000 00:00 0 
7eff95470000-7eff95473000 ---p 00000000 00:00 0 
7eff95473000-7eff95571000 rw-p 00000000 00:00 0 
7eff95571000-7eff95574000 ---p 00000000 00:00 0 
7eff95574000-7eff95672000 rw-p 00000000 00:00 0 
7eff95672000-7eff95675000 ---p 00000000 00:00 0 
7eff95675000-7eff95773000 rw-p 00000000 00:00 0 
7eff95773000-7eff95776000 ---p 00000000 00:00 0 
7eff95776000-7eff95874000 rw-p 00000000 00:00 0 
7eff95874000-7eff95877000 ---p 00000000 00:00 0 
7eff95877000-7eff95975000 rw-p 00000000 00:00 0 
7eff95975000-7eff95978000 ---p 00000000 00:00 0 
7eff95978000-7eff95a76000 rw-p 00000000 00:00 0 
7eff95a76000-7eff95a79000 ---p 00000000 00:00 0 
7eff95a79000-7eff95b77000 rw-p 00000000 00:00 0 
7eff95b77000-7eff95b7f000 r-xp 00000000 08:01 13502794                   /usr/lib/jvm/java-7-openjdk-amd64/jre/lib/amd64/libmanagement.so
7eff95b7f000-7eff95d7e000 ---p 00008000 08:01 13502794                   /usr/lib/jvm/java-7-openjdk-amd64/jre/lib/amd64/libmanagement.so
7eff95d7e000-7eff95d7f000 r--p 00007000 08:01 13502794                   /usr/lib/jvm/java-7-openjdk-amd64/jre/lib/amd64/libmanagement.so
7eff95d7f000-7eff95d80000 rw-p 00008000 08:01 13502794                   /usr/lib/jvm/java-7-openjdk-amd64/jre/lib/amd64/libmanagement.so
7eff95d80000-7eff95d83000 ---p 00000000 00:00 0 
7eff95d83000-7eff95e81000 rw-p 00000000 00:00 0 
7eff95e81000-7eff95e84000 ---p 00000000 00:00 0 
7eff95e84000-7eff95f82000 rw-p 00000000 00:00 0 
7eff95f82000-7eff95f85000 ---p 00000000 00:00 0 
7eff95f85000-7eff96083000 rw-p 00000000 00:00 0 
7eff96083000-7eff96086000 ---p 00000000 00:00 0 
7eff96086000-7eff96184000 rw-p 00000000 00:00 0 
7eff96184000-7eff96187000 ---p 00000000 00:00 0 
7eff96187000-7eff96285000 rw-p 00000000 00:00 0 
7eff96285000-7eff962c1000 r-xp 00000000 08:01 8916621                    /lib/x86_64-linux-gnu/libpcre.so.3.12.1
7eff962c1000-7eff964c0000 ---p 0003c000 08:01 8916621                    /lib/x86_64-linux-gnu/libpcre.so.3.12.1
7eff964c0000-7eff964c1000 r--p 0003b000 08:01 8916621                    /lib/x86_64-linux-gnu/libpcre.so.3.12.1
7eff964c1000-7eff964c2000 rw-p 0003c000 08:01 8916621                    /lib/x86_64-linux-gnu/libpcre.so.3.12.1
7eff964c2000-7eff964c9000 r-xp 00000000 08:01 10885484                   /usr/lib/x86_64-linux-gnu/libffi.so.6.0.0
7eff964c9000-7eff966c8000 ---p 00007000 08:01 10885484                   /usr/lib/x86_64-linux-gnu/libffi.so.6.0.0
7eff966c8000-7eff966c9000 r--p 00006000 08:01 10885484                   /usr/lib/x86_64-linux-gnu/libffi.so.6.0.0
7eff966c9000-7eff966ca000 rw-p 00007000 08:01 10885484                   /usr/lib/x86_64-linux-gnu/libffi.so.6.0.0
7eff966ca000-7eff966e2000 r-xp 00000000 08:01 8916632                    /lib/x86_64-linux-gnu/libresolv-2.15.so
7eff966e2000-7eff968e2000 ---p 00018000 08:01 8916632                    /lib/x86_64-linux-gnu/libresolv-2.15.so
7eff968e2000-7eff968e3000 r--p 00018000 08:01 8916632                    /lib/x86_64-linux-gnu/libresolv-2.15.so
7eff968e3000-7eff968e4000 rw-p 00019000 08:01 8916632                    /lib/x86_64-linux-gnu/libresolv-2.15.so
7eff968e4000-7eff968e6000 rw-p 00000000 00:00 0 
7eff968e6000-7eff96903000 r-xp 00000000 08:01 8916636                    /lib/x86_64-linux-gnu/libselinux.so.1
7eff96903000-7eff96b02000 ---p 0001d000 08:01 8916636                    /lib/x86_64-linux-gnu/libselinux.so.1
7eff96b02000-7eff96b03000 r--p 0001c000 08:01 8916636                    /lib/x86_64-linux-gnu/libselinux.so.1
7eff96b03000-7eff96b04000 rw-p 0001d000 08:01 8916636                    /lib/x86_64-linux-gnu/libselinux.so.1
7eff96b04000-7eff96b05000 rw-p 00000000 00:00 0 
7eff96b05000-7eff96b08000 r-xp 00000000 08:01 10882205                   /usr/lib/x86_64-linux-gnu/libgmodule-2.0.so.0.3200.3
7eff96b08000-7eff96d07000 ---p 00003000 08:01 10882205                   /usr/lib/x86_64-linux-gnu/libgmodule-2.0.so.0.3200.3
7eff96d07000-7eff96d08000 r--p 00002000 08:01 10882205                   /usr/lib/x86_64-linux-gnu/libgmodule-2.0.so.0.3200.3
7eff96d08000-7eff96d09000 rw-p 00003000 08:01 10882205                   /usr/lib/x86_64-linux-gnu/libgmodule-2.0.so.0.3200.3
7eff96d09000-7eff96dfb000 r-xp 00000000 08:01 8913022                    /lib/x86_64-linux-gnu/libglib-2.0.so.0.3200.3
7eff96dfb000-7eff96ffb000 ---p 000f2000 08:01 8913022                    /lib/x86_64-linux-gnu/libglib-2.0.so.0.3200.3
7eff96ffb000-7eff96ffc000 r--p 000f2000 08:01 8913022                    /lib/x86_64-linux-gnu/libglib-2.0.so.0.3200.3
7eff96ffc000-7eff96ffd000 rw-p 000f3000 08:01 8913022                    /lib/x86_64-linux-gnu/libglib-2.0.so.0.3200.3
7eff96ffd000-7eff96ffe000 rw-p 00000000 00:00 0 
7eff96ffe000-7eff9704b000 r-xp 00000000 08:01 10882207                   /usr/lib/x86_64-linux-gnu/libgobject-2.0.so.0.3200.3
7eff9704b000-7eff9724b000 ---p 0004d000 08:01 10882207                   /usr/lib/x86_64-linux-gnu/libgobject-2.0.so.0.3200.3
7eff9724b000-7eff9724c000 r--p 0004d000 08:01 10882207                   /usr/lib/x86_64-linux-gnu/libgobject-2.0.so.0.3200.3
7eff9724c000-7eff9724d000 rw-p 0004e000 08:01 10882207                   /usr/lib/x86_64-linux-gnu/libgobject-2.0.so.0.3200.3
7eff9724d000-7eff97395000 r-xp 00000000 08:01 10882206                   /usr/lib/x86_64-linux-gnu/libgio-2.0.so.0.3200.3
7eff97395000-7eff97594000 ---p 00148000 08:01 10882206                   /usr/lib/x86_64-linux-gnu/libgio-2.0.so.0.3200.3
7eff97594000-7eff97598000 r--p 00147000 08:01 10882206                   /usr/lib/x86_64-linux-gnu/libgio-2.0.so.0.3200.3
7eff97598000-7eff9759a000 rw-p 0014b000 08:01 10882206                   /usr/lib/x86_64-linux-gnu/libgio-2.0.so.0.3200.3
7eff9759a000-7eff9759c000 rw-p 00000000 00:00 0 
7eff975a3000-7eff975a6000 r--s 00014000 08:01 11020389                   /usr/lib/jvm/java-7-openjdk-common/jre/lib/jce.jar
7eff975a6000-7eff975ad000 r--s 00000000 08:01 11013746                   /usr/lib/x86_64-linux-gnu/gconv/gconv-modules.cache
7eff975ad000-7eff975b1000 r--s 000a0000 08:01 11020390                   /usr/lib/jvm/java-7-openjdk-common/jre/lib/jsse.jar
7eff975b1000-7eff975c7000 r-xp 00000000 08:01 13502781                   /usr/lib/jvm/java-7-openjdk-amd64/jre/lib/amd64/libnet.so
7eff975c7000-7eff977c7000 ---p 00016000 08:01 13502781                   /usr/lib/jvm/java-7-openjdk-amd64/jre/lib/amd64/libnet.so
7eff977c7000-7eff977c8000 r--p 00016000 08:01 13502781                   /usr/lib/jvm/java-7-openjdk-amd64/jre/lib/amd64/libnet.so
7eff977c8000-7eff977c9000 rw-p 00017000 08:01 13502781                   /usr/lib/jvm/java-7-openjdk-amd64/jre/lib/amd64/libnet.so
7eff977c9000-7eff977d9000 r-xp 00000000 08:01 13502780                   /usr/lib/jvm/java-7-openjdk-amd64/jre/lib/amd64/libnio.so
7eff977d9000-7eff979d8000 ---p 00010000 08:01 13502780                   /usr/lib/jvm/java-7-openjdk-amd64/jre/lib/amd64/libnio.so
7eff979d8000-7eff979d9000 r--p 0000f000 08:01 13502780                   /usr/lib/jvm/java-7-openjdk-amd64/jre/lib/amd64/libnio.so
7eff979d9000-7eff979da000 rw-p 00010000 08:01 13502780                   /usr/lib/jvm/java-7-openjdk-amd64/jre/lib/amd64/libnio.so
7eff979da000-7eff979e3000 r--s 00263000 08:01 11020393                   /usr/lib/jvm/java-7-openjdk-common/jre/lib/resources.jar
7eff979e3000-7eff979f3000 r--s 000b2000 08:01 786948                     /home/matias/Desarrollo/play/play-1.2.4/framework/lib/netty-3.2.5.Final.jar
7eff979f3000-7eff97a18000 r--s 00172000 08:01 786902                     /home/matias/Desarrollo/play/play-1.2.4/framework/lib/bcprov-jdk15-1.45.jar
7eff97a18000-7eff97a23000 r--s 00124000 08:01 786920                     /home/matias/Desarrollo/play/play-1.2.4/framework/lib/h2-1.3.149.jar
7eff97a23000-7eff97a25000 r--s 00001000 08:01 786940                     /home/matias/Desarrollo/play/play-1.2.4/framework/lib/jsr107cache-1.0.jar
7eff97a25000-7eff97a2b000 r--s 0007e000 08:01 786951                     /home/matias/Desarrollo/play/play-1.2.4/framework/lib/postgresql-9.0.jar
7eff97a2b000-7eff97a32000 r--s 00049000 08:01 786950                     /home/matias/Desarrollo/play/play-1.2.4/framework/lib/oval-1.50.jar
7eff97a32000-7eff97a34000 r--s 0000e000 08:01 786911                     /home/matias/Desarrollo/play/play-1.2.4/framework/lib/commons-javaflow-1066591.jar
7eff97a34000-7eff97a3f000 r--s 0005a000 08:01 786956                     /home/matias/Desarrollo/play/play-1.2.4/framework/lib/xstream-1.3.jar
7eff97a3f000-7eff97a40000 r--s 00002000 08:01 786954                     /home/matias/Desarrollo/play/play-1.2.4/framework/lib/slf4j-log4j12-1.6.1.jar
7eff97a40000-7eff97a42000 r--s 00002000 08:01 786941                     /home/matias/Desarrollo/play/play-1.2.4/framework/lib/jta-1.1.jar
7eff97a42000-7eff97a44000 r--s 00015000 08:01 786939                     /home/matias/Desarrollo/play/play-1.2.4/framework/lib/jregex-1.2_01.jar
7eff97a44000-7eff97a4a000 r--s 00038000 08:01 786955                     /home/matias/Desarrollo/play/play-1.2.4/framework/lib/snakeyaml-1.7.jar
7eff97a4a000-7eff97a4f000 r--s 00034000 08:01 786905                     /home/matias/Desarrollo/play/play-1.2.4/framework/lib/commons-beanutils-1.8.3.jar
7eff97a4f000-7eff97a52000 r--s 00024000 08:01 786910                     /home/matias/Desarrollo/play/play-1.2.4/framework/lib/commons-io-2.0.1.jar
7eff97a52000-7eff97a54000 r--s 0000b000 08:01 786936                     /home/matias/Desarrollo/play/play-1.2.4/framework/lib/jj-textile.jar
7eff97a54000-7eff97a5b000 r--s 0006a000 08:01 786945                     /home/matias/Desarrollo/play/play-1.2.4/framework/lib/mail-1.4.3.jar
7eff97a5b000-7eff97a6a000 r--s 000d9000 08:01 786929                     /home/matias/Desarrollo/play/play-1.2.4/framework/lib/ivy-2.2.0.jar
7eff97a6a000-7eff97a6d000 r--s 0000f000 08:01 786922                     /home/matias/Desarrollo/play/play-1.2.4/framework/lib/hibernate-commons-annotations-3.2.0.Final.jar
7eff97a6d000-7eff97a7b000 r--s 0007f000 08:01 786907                     /home/matias/Desarrollo/play/play-1.2.4/framework/lib/commons-collections-3.2.1.jar
7eff97a7b000-7eff97a86000 r--s 0008b000 08:01 786903                     /home/matias/Desarrollo/play/play-1.2.4/framework/lib/c3p0-0.9.1.2.jar
7eff97a86000-7eff97a88000 r--s 00005000 08:01 786953                     /home/matias/Desarrollo/play/play-1.2.4/framework/lib/slf4j-api-1.6.1.jar
7eff97a88000-7eff97a8a000 r--s 00015000 08:01 786935                     /home/matias/Desarrollo/play/play-1.2.4/framework/lib/jj-simplecaptcha.jar
7eff97a8a000-7eff97abc000 r--s 002c7000 08:01 786924                     /home/matias/Desarrollo/play/play-1.2.4/framework/lib/hibernate-core-3.6.1.Final.jar
7eff97abc000-7eff97ac1000 r--s 0002e000 08:01 786900                     /home/matias/Desarrollo/play/play-1.2.4/framework/lib/asm-all-3.3.1.jar
7eff97ac1000-7eff97ac7000 r--s 00034000 08:01 786942                     /home/matias/Desarrollo/play/play-1.2.4/framework/lib/junit-4.8.1.jar
7eff97ac7000-7eff97acc000 r--s 00041000 08:01 786912                     /home/matias/Desarrollo/play/play-1.2.4/framework/lib/commons-lang-2.6.jar
7eff97acc000-7eff97ad1000 r--s 00014000 08:01 786928                     /home/matias/Desarrollo/play/play-1.2.4/framework/lib/hibernate-jpa-2.0-api-1.0.0.Final.jar
7eff97ad1000-7eff97ad2000 r--s 00007000 08:01 786908                     /home/matias/Desarrollo/play/play-1.2.4/framework/lib/commons-email-1.2.jar
7eff97ad2000-7eff97ad9000 r--s 000b7000 08:01 786947                     /home/matias/Desarrollo/play/play-1.2.4/framework/lib/mysql-connector-java-5.1.13.jar
7eff97ad9000-7eff97ae2000 r--s 0006d000 08:01 786944                     /home/matias/Desarrollo/play/play-1.2.4/framework/lib/log4j-1.2.16.jar
7eff97ae2000-7eff97ae8000 r--s 00067000 08:01 786899                     /home/matias/Desarrollo/play/play-1.2.4/framework/lib/antlr-2.7.6.jar
7eff97ae8000-7eff97aea000 r--s 00008000 08:01 786952                     /home/matias/Desarrollo/play/play-1.2.4/framework/lib/signpost-core-1.2.jar
7eff97aea000-7eff97af1000 r--s 00038000 08:01 786937                     /home/matias/Desarrollo/play/play-1.2.4/framework/lib/jj-wikitext.jar
7eff97af1000-7eff97af4000 r--s 00011000 08:01 786916                     /home/matias/Desarrollo/play/play-1.2.4/framework/lib/ezmorph-1.0.3.jar
7eff97af4000-7eff97afb000 r--s 0004d000 08:01 786901                     /home/matias/Desarrollo/play/play-1.2.4/framework/lib/async-http-client-1.6.5.jar
7eff97afb000-7eff97afc000 ---p 00000000 00:00 0 
7eff97afc000-7eff97bfc000 rw-p 00000000 00:00 0 
7eff97bfc000-7eff97bff000 ---p 00000000 00:00 0 
7eff97bff000-7eff97cfd000 rw-p 00000000 00:00 0 
7eff97cfd000-7eff97d00000 ---p 00000000 00:00 0 
7eff97d00000-7eff97dfe000 rw-p 00000000 00:00 0 
7eff97dfe000-7eff97e01000 ---p 00000000 00:00 0 
7eff97e01000-7eff97eff000 rw-p 00000000 00:00 0 
7eff97eff000-7eff97f02000 ---p 00000000 00:00 0 
7eff97f02000-7eff98000000 rw-p 00000000 00:00 0 
7eff98000000-7eff98021000 rw-p 00000000 00:00 0 
7eff98021000-7eff9c000000 ---p 00000000 00:00 0 
7eff9c000000-7eff9c002000 r--s 0000c000 08:01 786898                     /home/matias/Desarrollo/play/play-1.2.4/framework/lib/activation-1.1.1.jar
7eff9c002000-7eff9c008000 r--s 00040000 08:01 786946                     /home/matias/Desarrollo/play/play-1.2.4/framework/lib/memcached-2.6.jar
7eff9c008000-7eff9c032000 r--s 00427000 08:01 786949                     /home/matias/Desarrollo/play/play-1.2.4/framework/lib/org.eclipse.jdt.core-3.8.0.v_C03.jar
7eff9c032000-7eff9c03a000 r--s 0008a000 08:01 786931                     /home/matias/Desarrollo/play/play-1.2.4/framework/lib/javassist-3.9.0.GA.jar
7eff9c03a000-7eff9c040000 r--s 00032000 08:01 786933                     /home/matias/Desarrollo/play/play-1.2.4/framework/lib/jaxen-1.1.jar
7eff9c040000-7eff9c043000 ---p 00000000 00:00 0 
7eff9c043000-7eff9c141000 rw-p 00000000 00:00 0 
7eff9c141000-7eff9c145000 r-xp 00000000 08:01 13502776                   /usr/lib/jvm/java-7-openjdk-amd64/jre/lib/amd64/libdt_socket.so
7eff9c145000-7eff9c344000 ---p 00004000 08:01 13502776                   /usr/lib/jvm/java-7-openjdk-amd64/jre/lib/amd64/libdt_socket.so
7eff9c344000-7eff9c345000 r--p 00003000 08:01 13502776                   /usr/lib/jvm/java-7-openjdk-amd64/jre/lib/amd64/libdt_socket.so
7eff9c345000-7eff9c346000 rw-p 00004000 08:01 13502776                   /usr/lib/jvm/java-7-openjdk-amd64/jre/lib/amd64/libdt_socket.so
7eff9c346000-7eff9c349000 ---p 00000000 00:00 0 
7eff9c349000-7eff9c447000 rw-p 00000000 00:00 0 
7eff9c447000-7eff9c44a000 ---p 00000000 00:00 0 
7eff9c44a000-7eff9c548000 rw-p 00000000 00:00 0 
7eff9c548000-7eff9c54b000 ---p 00000000 00:00 0 
7eff9c54b000-7eff9c649000 rw-p 00000000 00:00 0 
7eff9c649000-7eff9c64a000 ---p 00000000 00:00 0 
7eff9c64a000-7eff9cc4f000 rw-p 00000000 00:00 0 
7eff9cc4f000-7eff9cdfe000 r--s 03e91000 08:01 13502801                   /usr/lib/jvm/java-7-openjdk-amd64/jre/lib/rt.jar
7eff9cdfe000-7eff9cdff000 ---p 00000000 00:00 0 
7eff9cdff000-7eff9ceff000 rw-p 00000000 00:00 0 
7eff9ceff000-7eff9cf00000 ---p 00000000 00:00 0 
7eff9cf00000-7eff9d000000 rw-p 00000000 00:00 0 
7eff9d000000-7eff9d5c0000 rwxp 00000000 00:00 0 
7eff9d5c0000-7effa06f2000 rw-p 00000000 00:00 0 
7effa06f2000-7effa4000000 ---p 00000000 00:00 0 
7effa4000000-7effa4003000 r--s 0000f000 08:01 786917                     /home/matias/Desarrollo/play/play-1.2.4/framework/lib/geronimo-servlet_2.5_spec-1.2.jar
7effa4003000-7effa4057000 r--s 00520000 08:01 786918                     /home/matias/Desarrollo/play/play-1.2.4/framework/lib/groovy-all-1.7.10.jar
7effa4057000-7effa4061000 r--s 0006f000 08:01 786915                     /home/matias/Desarrollo/play/play-1.2.4/framework/lib/ehcache-core-2.0.0.jar
7effa4061000-7effa4063000 r--s 0000d000 08:01 786909                     /home/matias/Desarrollo/play/play-1.2.4/framework/lib/commons-fileupload-1.2.2.jar
7effa4063000-7effa4065000 r--s 0000d000 08:01 786913                     /home/matias/Desarrollo/play/play-1.2.4/framework/lib/commons-logging-1.1.1.jar
7effa4065000-7effa4066000 r--s 00000000 08:01 786932                     /home/matias/Desarrollo/play/play-1.2.4/framework/lib/javax.inject-1.0.jar
7effa4066000-7effa4068000 r--s 0000d000 08:01 786906                     /home/matias/Desarrollo/play/play-1.2.4/framework/lib/commons-codec-1.4.jar
7effa4068000-7effa406c000 r--s 00027000 08:01 786919                     /home/matias/Desarrollo/play/play-1.2.4/framework/lib/gson-1.7.1.jar
7effa406c000-7effa406f000 r--s 00022000 08:01 786930                     /home/matias/Desarrollo/play/play-1.2.4/framework/lib/jamon-2.7.jar
7effa406f000-7effa407e000 r--s 0007c000 08:01 786938                     /home/matias/Desarrollo/play/play-1.2.4/framework/lib/joda-time-2.0.jar
7effa407e000-7effa4087000 r--s 0005d000 08:01 786926                     /home/matias/Desarrollo/play/play-1.2.4/framework/lib/hibernate-entitymanager-3.6.0.Final.jar
7effa4087000-7effa40f3000 rw-p 00000000 00:00 0 
7effa40f3000-7effa40f4000 ---p 00000000 00:00 0 
7effa40f4000-7effa41f4000 rw-p 00000000 00:00 0 
7effa41f4000-7effa41f5000 ---p 00000000 00:00 0 
7effa41f5000-7effa430a000 rw-p 00000000 00:00 0 
7effa430a000-7effa4348000 rw-p 00000000 00:00 0 
7effa4348000-7effa435c000 rw-p 00000000 00:00 0 
7effa435c000-7effa447d000 rw-p 00000000 00:00 0 
7effa447d000-7effa4492000 rw-p 00000000 00:00 0 
7effa4492000-7effa44d0000 rw-p 00000000 00:00 0 
7effa44d0000-7effa44e4000 rw-p 00000000 00:00 0 
7effa44e4000-7effa4604000 rw-p 00000000 00:00 0 
7effa4604000-7effa4662000 rw-p 00000000 00:00 0 
7effa4662000-7effa466d000 ---p 00000000 00:00 0 
7effa466d000-7effa469f000 rw-p 00000000 00:00 0 
7effa469f000-7effa46a0000 rw-p 00000000 00:00 0 
7effa46a0000-7effa46a8000 r-xp 00000000 08:01 13502790                   /usr/lib/jvm/java-7-openjdk-amd64/jre/lib/amd64/libzip.so
7effa46a8000-7effa48a7000 ---p 00008000 08:01 13502790                   /usr/lib/jvm/java-7-openjdk-amd64/jre/lib/amd64/libzip.so
7effa48a7000-7effa48a8000 r--p 00007000 08:01 13502790                   /usr/lib/jvm/java-7-openjdk-amd64/jre/lib/amd64/libzip.so
7effa48a8000-7effa48a9000 rw-p 00008000 08:01 13502790                   /usr/lib/jvm/java-7-openjdk-amd64/jre/lib/amd64/libzip.so
7effa48a9000-7effa48b5000 r-xp 00000000 08:01 8916599                    /lib/x86_64-linux-gnu/libnss_files-2.15.so
7effa48b5000-7effa4ab4000 ---p 0000c000 08:01 8916599                    /lib/x86_64-linux-gnu/libnss_files-2.15.so
7effa4ab4000-7effa4ab5000 r--p 0000b000 08:01 8916599                    /lib/x86_64-linux-gnu/libnss_files-2.15.so
7effa4ab5000-7effa4ab6000 rw-p 0000c000 08:01 8916599                    /lib/x86_64-linux-gnu/libnss_files-2.15.so
7effa4ab6000-7effa4ac0000 r-xp 00000000 08:01 8916603                    /lib/x86_64-linux-gnu/libnss_nis-2.15.so
7effa4ac0000-7effa4cc0000 ---p 0000a000 08:01 8916603                    /lib/x86_64-linux-gnu/libnss_nis-2.15.so
7effa4cc0000-7effa4cc1000 r--p 0000a000 08:01 8916603                    /lib/x86_64-linux-gnu/libnss_nis-2.15.so
7effa4cc1000-7effa4cc2000 rw-p 0000b000 08:01 8916603                    /lib/x86_64-linux-gnu/libnss_nis-2.15.so
7effa4cc2000-7effa4cd9000 r-xp 00000000 08:01 8916593                    /lib/x86_64-linux-gnu/libnsl-2.15.so
7effa4cd9000-7effa4ed8000 ---p 00017000 08:01 8916593                    /lib/x86_64-linux-gnu/libnsl-2.15.so
7effa4ed8000-7effa4ed9000 r--p 00016000 08:01 8916593                    /lib/x86_64-linux-gnu/libnsl-2.15.so
7effa4ed9000-7effa4eda000 rw-p 00017000 08:01 8916593                    /lib/x86_64-linux-gnu/libnsl-2.15.so
7effa4eda000-7effa4edc000 rw-p 00000000 00:00 0 
7effa4edc000-7effa4ee4000 r-xp 00000000 08:01 8916595                    /lib/x86_64-linux-gnu/libnss_compat-2.15.so
7effa4ee4000-7effa50e3000 ---p 00008000 08:01 8916595                    /lib/x86_64-linux-gnu/libnss_compat-2.15.so
7effa50e3000-7effa50e4000 r--p 00007000 08:01 8916595                    /lib/x86_64-linux-gnu/libnss_compat-2.15.so
7effa50e4000-7effa50e5000 rw-p 00008000 08:01 8916595                    /lib/x86_64-linux-gnu/libnss_compat-2.15.so
7effa50e5000-7effa57d2000 r--p 00000000 08:01 10883796                   /usr/lib/locale/locale-archive
7effa57d2000-7effa57d5000 r-xp 00000000 08:01 13502784                   /usr/lib/jvm/java-7-openjdk-amd64/jre/lib/amd64/libnpt.so
7effa57d5000-7effa59d4000 ---p 00003000 08:01 13502784                   /usr/lib/jvm/java-7-openjdk-amd64/jre/lib/amd64/libnpt.so
7effa59d4000-7effa59d5000 r--p 00002000 08:01 13502784                   /usr/lib/jvm/java-7-openjdk-amd64/jre/lib/amd64/libnpt.so
7effa59d5000-7effa59d6000 rw-p 00003000 08:01 13502784                   /usr/lib/jvm/java-7-openjdk-amd64/jre/lib/amd64/libnpt.so
7effa59d6000-7effa59e0000 r-xp 00000000 08:01 13502775                   /usr/lib/jvm/java-7-openjdk-amd64/jre/lib/amd64/libinstrument.so
7effa59e0000-7effa5bdf000 ---p 0000a000 08:01 13502775                   /usr/lib/jvm/java-7-openjdk-amd64/jre/lib/amd64/libinstrument.so
7effa5bdf000-7effa5be0000 r--p 00009000 08:01 13502775                   /usr/lib/jvm/java-7-openjdk-amd64/jre/lib/amd64/libinstrument.so
7effa5be0000-7effa5be1000 rw-p 0000a000 08:01 13502775                   /usr/lib/jvm/java-7-openjdk-amd64/jre/lib/amd64/libinstrument.so
7effa5be1000-7effa5c1d000 r-xp 00000000 08:01 13502778                   /usr/lib/jvm/java-7-openjdk-amd64/jre/lib/amd64/libjdwp.so
7effa5c1d000-7effa5e1c000 ---p 0003c000 08:01 13502778                   /usr/lib/jvm/java-7-openjdk-amd64/jre/lib/amd64/libjdwp.so
7effa5e1c000-7effa5e1d000 r--p 0003b000 08:01 13502778                   /usr/lib/jvm/java-7-openjdk-amd64/jre/lib/amd64/libjdwp.so
7effa5e1d000-7effa5e1e000 rw-p 0003c000 08:01 13502778                   /usr/lib/jvm/java-7-openjdk-amd64/jre/lib/amd64/libjdwp.so
7effa5e1e000-7effa5e1f000 rw-p 00000000 00:00 0 
7effa5e1f000-7effa5e46000 r-xp 00000000 08:01 13502774                   /usr/lib/jvm/java-7-openjdk-amd64/jre/lib/amd64/libjava.so
7effa5e46000-7effa6045000 ---p 00027000 08:01 13502774                   /usr/lib/jvm/java-7-openjdk-amd64/jre/lib/amd64/libjava.so
7effa6045000-7effa6046000 r--p 00026000 08:01 13502774                   /usr/lib/jvm/java-7-openjdk-amd64/jre/lib/amd64/libjava.so
7effa6046000-7effa6048000 rw-p 00027000 08:01 13502774                   /usr/lib/jvm/java-7-openjdk-amd64/jre/lib/amd64/libjava.so
7effa6048000-7effa6056000 r-xp 00000000 08:01 13502783                   /usr/lib/jvm/java-7-openjdk-amd64/jre/lib/amd64/libverify.so
7effa6056000-7effa6255000 ---p 0000e000 08:01 13502783                   /usr/lib/jvm/java-7-openjdk-amd64/jre/lib/amd64/libverify.so
7effa6255000-7effa6257000 r--p 0000d000 08:01 13502783                   /usr/lib/jvm/java-7-openjdk-amd64/jre/lib/amd64/libverify.so
7effa6257000-7effa6258000 rw-p 0000f000 08:01 13502783                   /usr/lib/jvm/java-7-openjdk-amd64/jre/lib/amd64/libverify.so
7effa6258000-7effa625f000 r-xp 00000000 08:01 8916634                    /lib/x86_64-linux-gnu/librt-2.15.so
7effa625f000-7effa645e000 ---p 00007000 08:01 8916634                    /lib/x86_64-linux-gnu/librt-2.15.so
7effa645e000-7effa645f000 r--p 00006000 08:01 8916634                    /lib/x86_64-linux-gnu/librt-2.15.so
7effa645f000-7effa6460000 rw-p 00007000 08:01 8916634                    /lib/x86_64-linux-gnu/librt-2.15.so
7effa6460000-7effa6475000 r-xp 00000000 08:01 8916569                    /lib/x86_64-linux-gnu/libgcc_s.so.1
7effa6475000-7effa6674000 ---p 00015000 08:01 8916569                    /lib/x86_64-linux-gnu/libgcc_s.so.1
7effa6674000-7effa6675000 r--p 00014000 08:01 8916569                    /lib/x86_64-linux-gnu/libgcc_s.so.1
7effa6675000-7effa6676000 rw-p 00015000 08:01 8916569                    /lib/x86_64-linux-gnu/libgcc_s.so.1
7effa6676000-7effa676f000 r-xp 00000000 08:01 8916580                    /lib/x86_64-linux-gnu/libm-2.15.so
7effa676f000-7effa696e000 ---p 000f9000 08:01 8916580                    /lib/x86_64-linux-gnu/libm-2.15.so
7effa696e000-7effa696f000 r--p 000f8000 08:01 8916580                    /lib/x86_64-linux-gnu/libm-2.15.so
7effa696f000-7effa6970000 rw-p 000f9000 08:01 8916580                    /lib/x86_64-linux-gnu/libm-2.15.so
7effa6970000-7effa6a52000 r-xp 00000000 08:01 10885818                   /usr/lib/x86_64-linux-gnu/libstdc++.so.6.0.16
7effa6a52000-7effa6c51000 ---p 000e2000 08:01 10885818                   /usr/lib/x86_64-linux-gnu/libstdc++.so.6.0.16
7effa6c51000-7effa6c59000 r--p 000e1000 08:01 10885818                   /usr/lib/x86_64-linux-gnu/libstdc++.so.6.0.16
7effa6c59000-7effa6c5b000 rw-p 000e9000 08:01 10885818                   /usr/lib/x86_64-linux-gnu/libstdc++.so.6.0.16
7effa6c5b000-7effa6c70000 rw-p 00000000 00:00 0 
7effa6c70000-7effa7603000 r-xp 00000000 08:01 13634945                   /usr/lib/jvm/java-7-openjdk-amd64/jre/lib/amd64/server/libjvm.so
7effa7603000-7effa7803000 ---p 00993000 08:01 13634945                   /usr/lib/jvm/java-7-openjdk-amd64/jre/lib/amd64/server/libjvm.so
7effa7803000-7effa787d000 r--p 00993000 08:01 13634945                   /usr/lib/jvm/java-7-openjdk-amd64/jre/lib/amd64/server/libjvm.so
7effa787d000-7effa789f000 rw-p 00a0d000 08:01 13634945                   /usr/lib/jvm/java-7-openjdk-amd64/jre/lib/amd64/server/libjvm.so
7effa789f000-7effa78ca000 rw-p 00000000 00:00 0 
7effa78ca000-7effa78e2000 r-xp 00000000 08:01 8916628                    /lib/x86_64-linux-gnu/libpthread-2.15.so
7effa78e2000-7effa7ae1000 ---p 00018000 08:01 8916628                    /lib/x86_64-linux-gnu/libpthread-2.15.so
7effa7ae1000-7effa7ae2000 r--p 00017000 08:01 8916628                    /lib/x86_64-linux-gnu/libpthread-2.15.so
7effa7ae2000-7effa7ae3000 rw-p 00018000 08:01 8916628                    /lib/x86_64-linux-gnu/libpthread-2.15.so
7effa7ae3000-7effa7ae7000 rw-p 00000000 00:00 0 
7effa7ae7000-7effa7afd000 r-xp 00000000 08:01 8916659                    /lib/x86_64-linux-gnu/libz.so.1.2.3.4
7effa7afd000-7effa7cfc000 ---p 00016000 08:01 8916659                    /lib/x86_64-linux-gnu/libz.so.1.2.3.4
7effa7cfc000-7effa7cfd000 r--p 00015000 08:01 8916659                    /lib/x86_64-linux-gnu/libz.so.1.2.3.4
7effa7cfd000-7effa7cfe000 rw-p 00016000 08:01 8916659                    /lib/x86_64-linux-gnu/libz.so.1.2.3.4
7effa7cfe000-7effa7d00000 r-xp 00000000 08:01 8916561                    /lib/x86_64-linux-gnu/libdl-2.15.so
7effa7d00000-7effa7f00000 ---p 00002000 08:01 8916561                    /lib/x86_64-linux-gnu/libdl-2.15.so
7effa7f00000-7effa7f01000 r--p 00002000 08:01 8916561                    /lib/x86_64-linux-gnu/libdl-2.15.so
7effa7f01000-7effa7f02000 rw-p 00003000 08:01 8916561                    /lib/x86_64-linux-gnu/libdl-2.15.so
7effa7f02000-7effa80b5000 r-xp 00000000 08:01 8916548                    /lib/x86_64-linux-gnu/libc-2.15.so
7effa80b5000-7effa82b4000 ---p 001b3000 08:01 8916548                    /lib/x86_64-linux-gnu/libc-2.15.so
7effa82b4000-7effa82b8000 r--p 001b2000 08:01 8916548                    /lib/x86_64-linux-gnu/libc-2.15.so
7effa82b8000-7effa82ba000 rw-p 001b6000 08:01 8916548                    /lib/x86_64-linux-gnu/libc-2.15.so
7effa82ba000-7effa82bf000 rw-p 00000000 00:00 0 
7effa82bf000-7effa82cb000 r-xp 00000000 08:01 13634948                   /usr/lib/jvm/java-7-openjdk-amd64/jre/lib/amd64/jli/libjli.so
7effa82cb000-7effa84cb000 ---p 0000c000 08:01 13634948                   /usr/lib/jvm/java-7-openjdk-amd64/jre/lib/amd64/jli/libjli.so
7effa84cb000-7effa84cc000 r--p 0000c000 08:01 13634948                   /usr/lib/jvm/java-7-openjdk-amd64/jre/lib/amd64/jli/libjli.so
7effa84cc000-7effa84cd000 rw-p 0000d000 08:01 13634948                   /usr/lib/jvm/java-7-openjdk-amd64/jre/lib/amd64/jli/libjli.so
7effa84cd000-7effa84ef000 r-xp 00000000 08:01 8916528                    /lib/x86_64-linux-gnu/ld-2.15.so
7effa84f0000-7effa84f6000 r--s 00049000 08:01 786904                     /home/matias/Desarrollo/play/play-1.2.4/framework/lib/cglib-nodep-2.2.jar
7effa84f6000-7effa84fb000 r--s 00020000 08:01 786934                     /home/matias/Desarrollo/play/play-1.2.4/framework/lib/jj-imaging.jar
7effa84fb000-7effa8500000 r--s 00048000 08:01 786914                     /home/matias/Desarrollo/play/play-1.2.4/framework/lib/dom4j-1.6.1.jar
7effa8500000-7effa850c000 r--s 000c2000 08:01 786961                     /home/matias/Desarrollo/play/play-1.2.4/framework/play-1.2.4.jar
7effa850c000-7effa850f000 r--s 0000f000 08:01 11277408                   /usr/lib/jvm/java-7-openjdk-common/jre/lib/ext/pulse-java.jar
7effa850f000-7effa8512000 r--s 0003c000 08:01 11277403                   /usr/lib/jvm/java-7-openjdk-common/jre/lib/ext/sunpkcs11.jar
7effa8512000-7effa8529000 rw-p 00000000 00:00 0 
7effa8529000-7effa85d2000 rw-p 00000000 00:00 0 
7effa85d2000-7effa85d5000 ---p 00000000 00:00 0 
7effa85d5000-7effa86d9000 rw-p 00000000 00:00 0 
7effa86d9000-7effa86da000 r--s 00007000 08:01 11148865                   /usr/share/java/java-atk-wrapper.jar
7effa86da000-7effa86db000 r--s 00002000 08:01 11277404                   /usr/lib/jvm/java-7-openjdk-common/jre/lib/ext/dnsns.jar
7effa86db000-7effa86de000 r--s 00085000 08:01 11277405                   /usr/lib/jvm/java-7-openjdk-common/jre/lib/ext/localedata.jar
7effa86de000-7effa86e1000 r--s 00032000 08:01 11277406                   /usr/lib/jvm/java-7-openjdk-common/jre/lib/ext/sunjce_provider.jar
7effa86e1000-7effa86e3000 r--s 00012000 08:01 11277407                   /usr/lib/jvm/java-7-openjdk-common/jre/lib/ext/zipfs.jar
7effa86e3000-7effa86eb000 rw-s 00000000 08:01 8388664                    /tmp/hsperfdata_matias/17413
7effa86eb000-7effa86ec000 rw-p 00000000 00:00 0 
7effa86ec000-7effa86ed000 r--p 00000000 00:00 0 
7effa86ed000-7effa86ef000 rw-p 00000000 00:00 0 
7effa86ef000-7effa86f0000 r--p 00022000 08:01 8916528                    /lib/x86_64-linux-gnu/ld-2.15.so
7effa86f0000-7effa86f2000 rw-p 00023000 08:01 8916528                    /lib/x86_64-linux-gnu/ld-2.15.so
7fff94d48000-7fff94d6a000 rw-p 00000000 00:00 0                          [stack]
7fff94dff000-7fff94e00000 r-xp 00000000 00:00 0                          [vdso]
ffffffffff600000-ffffffffff601000 r-xp 00000000 00:00 0                  [vsyscall]

VM Arguments:
jvm_args: -javaagent:/home/matias/Desarrollo/play/play-1.2.4/framework/play-1.2.4.jar -XX:-UseSplitVerifier -Dfile.encoding=utf-8 -Xdebug -Xrunjdwp:transport=dt_socket,address=8000,server=y,suspend=n -Dplay.debug=yes -Dapplication.path=/home/matias/Desarrollo/strimintv -Dplay.id= 
java_command: play.server.Server 
Launcher Type: SUN_STANDARD

Environment Variables:
PATH=/usr/local/sbin:/usr/local/bin:/usr/sbin:/usr/bin:/sbin:/bin:/usr/games:/home/matias/jdk1.6.0_33/bin:/home/matias/Desarrollo/grails/grails-1.3.7/bin:/home/matias/Desarrollo/maven/apache-maven-2.2.1/bin:/home/matias/Desarrollo/play/play-1.2.4
SHELL=/bin/bash

Signal Handlers:
SIGSEGV: [libjvm.so+0x8065e0], sa_mask[0]=0x7ffbfeff, sa_flags=0x10000004
SIGBUS: [libjvm.so+0x8065e0], sa_mask[0]=0x7ffbfeff, sa_flags=0x10000004
SIGFPE: [libjvm.so+0x6ac6d0], sa_mask[0]=0x7ffbfeff, sa_flags=0x10000004
SIGPIPE: [libjvm.so+0x6ac6d0], sa_mask[0]=0x7ffbfeff, sa_flags=0x10000004
SIGXFSZ: [libjvm.so+0x6ac6d0], sa_mask[0]=0x7ffbfeff, sa_flags=0x10000004
SIGILL: [libjvm.so+0x6ac6d0], sa_mask[0]=0x7ffbfeff, sa_flags=0x10000004
SIGUSR1: SIG_DFL, sa_mask[0]=0x00000000, sa_flags=0x00000000
SIGUSR2: [libjvm.so+0x6acaa0], sa_mask[0]=0x00000000, sa_flags=0x10000004
SIGHUP: [libjvm.so+0x6acbe0], sa_mask[0]=0x7ffbfeff, sa_flags=0x10000004
SIGINT: [libjvm.so+0x6acbe0], sa_mask[0]=0x7ffbfeff, sa_flags=0x10000004
SIGTERM: [libjvm.so+0x6acbe0], sa_mask[0]=0x7ffbfeff, sa_flags=0x10000004
SIGQUIT: [libjvm.so+0x6acbe0], sa_mask[0]=0x7ffbfeff, sa_flags=0x10000004


---------------  S Y S T E M  ---------------

OS:Ubuntu 12.04 (precise)
uname:Linux 3.2.0-29-generic #46-Ubuntu SMP Fri Jul 27 17:03:23 UTC 2012 x86_64
libc:glibc 2.15 NPTL 2.15 
rlimit: STACK 8192k, CORE 0k, NPROC 28968, NOFILE 4096, AS infinity
load average:0,53 0,82 0,88

/proc/meminfo:
MemTotal:        3791576 kB
MemFree:          357524 kB
Buffers:           29972 kB
Cached:           642200 kB
SwapCached:        20092 kB
Active:          2293656 kB
Inactive:         860480 kB
Active(anon):    1965640 kB
Inactive(anon):   539516 kB
Active(file):     328016 kB
Inactive(file):   320964 kB
Unevictable:          16 kB
Mlocked:              16 kB
SwapTotal:       3930108 kB
SwapFree:        3752228 kB
Dirty:              2452 kB
Writeback:             0 kB
AnonPages:       2464524 kB
Mapped:           135588 kB
Shmem:             22976 kB
Slab:             109704 kB
SReclaimable:      77668 kB
SUnreclaim:        32036 kB
KernelStack:        4384 kB
PageTables:        47460 kB
NFS_Unstable:          0 kB
Bounce:                0 kB
WritebackTmp:          0 kB
CommitLimit:     5825896 kB
Committed_AS:    5950532 kB
VmallocTotal:   34359738367 kB
VmallocUsed:      303416 kB
VmallocChunk:   34359432124 kB
HardwareCorrupted:     0 kB
AnonHugePages:         0 kB
HugePages_Total:       0
HugePages_Free:        0
HugePages_Rsvd:        0
HugePages_Surp:        0
Hugepagesize:       2048 kB
DirectMap4k:      124416 kB
DirectMap2M:     3807232 kB
DirectMap1G:           0 kB


CPU:total 4 (4 cores per cpu, 1 threads per core) family 16 model 4 stepping 2, cmov, cx8, fxsr, mmx, sse, sse2, sse3, popcnt, mmxext, 3dnowpref, lzcnt, sse4a

/proc/cpuinfo:
processor	: 0
vendor_id	: AuthenticAMD
cpu family	: 16
model		: 4
model name	: AMD Phenom(tm) II X4 940 Processor
stepping	: 2
microcode	: 0x1000086
cpu MHz		: 3000.000
cache size	: 512 KB
physical id	: 0
siblings	: 4
core id		: 0
cpu cores	: 4
apicid		: 0
initial apicid	: 0
fpu		: yes
fpu_exception	: yes
cpuid level	: 5
wp		: yes
flags		: fpu vme de pse tsc msr pae mce cx8 apic sep mtrr pge mca cmov pat pse36 clflush mmx fxsr sse sse2 ht syscall nx mmxext fxsr_opt pdpe1gb rdtscp lm 3dnowext 3dnow constant_tsc rep_good nopl nonstop_tsc extd_apicid pni monitor cx16 popcnt lahf_lm cmp_legacy svm extapic cr8_legacy abm sse4a misalignsse 3dnowprefetch osvw ibs skinit wdt npt lbrv svm_lock nrip_save
bogomips	: 6017.08
TLB size	: 1024 4K pages
clflush size	: 64
cache_alignment	: 64
address sizes	: 48 bits physical, 48 bits virtual
power management: ts ttp tm stc 100mhzsteps hwpstate

processor	: 1
vendor_id	: AuthenticAMD
cpu family	: 16
model		: 4
model name	: AMD Phenom(tm) II X4 940 Processor
stepping	: 2
microcode	: 0x1000086
cpu MHz		: 3000.000
cache size	: 512 KB
physical id	: 0
siblings	: 4
core id		: 1
cpu cores	: 4
apicid		: 1
initial apicid	: 1
fpu		: yes
fpu_exception	: yes
cpuid level	: 5
wp		: yes
flags		: fpu vme de pse tsc msr pae mce cx8 apic sep mtrr pge mca cmov pat pse36 clflush mmx fxsr sse sse2 ht syscall nx mmxext fxsr_opt pdpe1gb rdtscp lm 3dnowext 3dnow constant_tsc rep_good nopl nonstop_tsc extd_apicid pni monitor cx16 popcnt lahf_lm cmp_legacy svm extapic cr8_legacy abm sse4a misalignsse 3dnowprefetch osvw ibs skinit wdt npt lbrv svm_lock nrip_save
bogomips	: 6017.21
TLB size	: 1024 4K pages
clflush size	: 64
cache_alignment	: 64
address sizes	: 48 bits physical, 48 bits virtual
power management: ts ttp tm stc 100mhzsteps hwpstate

processor	: 2
vendor_id	: AuthenticAMD
cpu family	: 16
model		: 4
model name	: AMD Phenom(tm) II X4 940 Processor
stepping	: 2
microcode	: 0x1000086
cpu MHz		: 3000.000
cache size	: 512 KB
physical id	: 0
siblings	: 4
core id		: 2
cpu cores	: 4
apicid		: 2
initial apicid	: 2
fpu		: yes
fpu_exception	: yes
cpuid level	: 5
wp		: yes
flags		: fpu vme de pse tsc msr pae mce cx8 apic sep mtrr pge mca cmov pat pse36 clflush mmx fxsr sse sse2 ht syscall nx mmxext fxsr_opt pdpe1gb rdtscp lm 3dnowext 3dnow constant_tsc rep_good nopl nonstop_tsc extd_apicid pni monitor cx16 popcnt lahf_lm cmp_legacy svm extapic cr8_legacy abm sse4a misalignsse 3dnowprefetch osvw ibs skinit wdt npt lbrv svm_lock nrip_save
bogomips	: 6017.20
TLB size	: 1024 4K pages
clflush size	: 64
cache_alignment	: 64
address sizes	: 48 bits physical, 48 bits virtual
power management: ts ttp tm stc 100mhzsteps hwpstate

processor	: 3
vendor_id	: AuthenticAMD
cpu family	: 16
model		: 4
model name	: AMD Phenom(tm) II X4 940 Processor
stepping	: 2
microcode	: 0x1000086
cpu MHz		: 800.000
cache size	: 512 KB
physical id	: 0
siblings	: 4
core id		: 3
cpu cores	: 4
apicid		: 3
initial apicid	: 3
fpu		: yes
fpu_exception	: yes
cpuid level	: 5
wp		: yes
flags		: fpu vme de pse tsc msr pae mce cx8 apic sep mtrr pge mca cmov pat pse36 clflush mmx fxsr sse sse2 ht syscall nx mmxext fxsr_opt pdpe1gb rdtscp lm 3dnowext 3dnow constant_tsc rep_good nopl nonstop_tsc extd_apicid pni monitor cx16 popcnt lahf_lm cmp_legacy svm extapic cr8_legacy abm sse4a misalignsse 3dnowprefetch osvw ibs skinit wdt npt lbrv svm_lock nrip_save
bogomips	: 6017.20
TLB size	: 1024 4K pages
clflush size	: 64
cache_alignment	: 64
address sizes	: 48 bits physical, 48 bits virtual
power management: ts ttp tm stc 100mhzsteps hwpstate



Memory: 4k page, physical 3791576k(357524k free), swap 3930108k(3752228k free)

vm_info: OpenJDK 64-Bit Server VM (22.0-b10) for linux-amd64 JRE (1.7.0_03-b147), built on May  2 2012 16:57:58 by "buildd" with gcc 4.6.3

time: Fri Aug 17 20:53:11 2012
elapsed time: 31046 seconds

